<?xml version="1.0" encoding="UTF-8"?>
<!-- Generated by org.testng.reporters.JUnitReportReporter -->
<testsuite hostname="LAPTOP-7HONEIFN" name="testClasses.OnlineCalculatorSubtractionTest" tests="9" failures="0" timestamp="3 Aug 2021 19:42:59 GMT" time="81.764" errors="0">
  <testcase name="divisionTC2" time="8.504" classname="testClasses.OnlineCalculatorSubtractionTest"/>
  <testcase name="divisionTC5" time="8.763" classname="testClasses.OnlineCalculatorSubtractionTest"/>
  <testcase name="divisionTC1" time="10.068" classname="testClasses.OnlineCalculatorSubtractionTest"/>
  <testcase name="divisionTC3" time="6.931" classname="testClasses.OnlineCalculatorSubtractionTest"/>
  <testcase name="divisionTC8" time="9.571" classname="testClasses.OnlineCalculatorSubtractionTest"/>
  <testcase name="divisionTC7" time="8.956" classname="testClasses.OnlineCalculatorSubtractionTest"/>
  <testcase name="divisionTC9" time="9.740" classname="testClasses.OnlineCalculatorSubtractionTest"/>
  <testcase name="divisionTC4" time="9.916" classname="testClasses.OnlineCalculatorSubtractionTest"/>
  <testcase name="divisionTC6" time="9.315" classname="testClasses.OnlineCalculatorSubtractionTest"/>
</testsuite> <!-- testClasses.OnlineCalculatorSubtractionTest -->
