<?xml version="1.0" encoding="UTF-8"?>
<!-- Generated by org.testng.reporters.JUnitReportReporter -->
<testsuite hostname="LAPTOP-7HONEIFN" name="testClasses.loginPageTest" tests="1" failures="0" timestamp="2 Aug 2021 10:39:07 GMT" time="5.976" errors="0">
  <testcase name="sampleTest" time="5.976" classname="testClasses.loginPageTest"/>
</testsuite> <!-- testClasses.loginPageTest -->
