<?xml version="1.0" encoding="UTF-8"?>
<!-- Generated by org.testng.reporters.JUnitReportReporter -->
<testsuite hostname="LAPTOP-7HONEIFN" name="testClasses.SampleTest" tests="1" failures="0" timestamp="3 Aug 2021 11:19:28 GMT" time="10.828" errors="0">
  <testcase name="substractionTC1" time="10.828" classname="testClasses.SampleTest"/>
</testsuite> <!-- testClasses.SampleTest -->
