<?xml version="1.0" encoding="UTF-8"?>
<!-- Generated by org.testng.reporters.JUnitReportReporter -->
<testsuite hostname="LAPTOP-7HONEIFN" name="testClasses.OnlineCalculatorClearButtonTest" tests="1" failures="0" timestamp="3 Aug 2021 17:57:20 GMT" time="14.167" errors="0">
  <testcase name="divisionTC1" time="14.167" classname="testClasses.OnlineCalculatorClearButtonTest"/>
</testsuite> <!-- testClasses.OnlineCalculatorClearButtonTest -->
